<?xml version="1.0" encoding="UTF-8"?>
<!-- Generated by org.testng.reporters.JUnitXMLReporter -->
<testsuite hostname="Mukesh-PC" ignored="0" name="Test" tests="1" failures="1" timestamp="24 May 2018 10:50:42 GMT" time="0.062" errors="0">
  <testcase name="testgit" time="0.0" classname="gittest.NewTest">
    <failure type="java.lang.NullPointerException">
      <![CDATA[java.lang.NullPointerException
at gittest.NewTest.testgit(NewTest.java:13)
... Removed 25 stack frames]]>
    </failure>
  </testcase> <!-- testgit -->
</testsuite> <!-- Test -->
