<?xml version="1.0" encoding="UTF-8"?>
<testng-results skipped="0" failed="0" ignored="0" total="1" passed="1">
  <reporter-output>
  </reporter-output>
  <suite name="Suite" duration-ms="25552" started-at="2018-05-24T11:10:51Z" finished-at="2018-05-24T11:11:16Z">
    <groups>
    </groups>
    <test name="Test" duration-ms="25552" started-at="2018-05-24T11:10:51Z" finished-at="2018-05-24T11:11:16Z">
      <class name="gittest.NewTest">
        <test-method status="PASS" signature="beforeTest()[pri:0, instance:gittest.NewTest@7a35b0f5]" name="beforeTest" is-config="true" duration-ms="31" started-at="2018-05-24T11:10:51Z" finished-at="2018-05-24T11:10:51Z">
          <reporter-output>
          </reporter-output>
        </test-method> <!-- beforeTest -->
        <test-method status="PASS" signature="testgit()[pri:0, instance:gittest.NewTest@7a35b0f5]" name="testgit" duration-ms="25382" started-at="2018-05-24T11:10:51Z" finished-at="2018-05-24T11:11:16Z">
          <reporter-output>
          </reporter-output>
        </test-method> <!-- testgit -->
        <test-method status="PASS" signature="afterTest()[pri:0, instance:gittest.NewTest@7a35b0f5]" name="afterTest" is-config="true" duration-ms="124" started-at="2018-05-24T11:11:16Z" finished-at="2018-05-24T11:11:16Z">
          <reporter-output>
          </reporter-output>
        </test-method> <!-- afterTest -->
      </class> <!-- gittest.NewTest -->
    </test> <!-- Test -->
  </suite> <!-- Suite -->
</testng-results>
